WARN   | wrapper  | main    | 2019/03/22 17:55:25.232 | Unable to write to the configured log directory: /opt/CXCOMM181100P_1-70004085/hybris/log/tomcat (Permission denied)
WARN   | wrapper  | main    | 2019/03/22 17:55:25.232 |   The Wrapper may also have problems writing or rolling the log file.
WARN   | wrapper  | main    | 2019/03/22 17:55:25.232 |   Please make sure that the current user has read/write access.
WARN   | wrapper  | main    | 2019/03/22 17:55:25.232 | Unable to write to the configured log file: /opt/CXCOMM181100P_1-70004085/hybris/log/tomcat/console-20190322.log (Permission denied)
WARN   | wrapper  | main    | 2019/03/22 17:55:25.232 |   Falling back to the default file in the current working directory: wrapper.log
STATUS | wrapper  | main    | 2019/03/22 17:55:25.233 | WARNING: Could not write lock file /opt/CXCOMM181100P_1-70004085/hybris/data/hybristomcat.lock: Permission denied
STATUS | wrapper  | main    | 2019/03/22 17:55:25.233 | --> Wrapper Started as Daemon
STATUS | wrapper  | main    | 2019/03/22 17:55:25.234 | Java Service Wrapper Professional Edition 64-bit 3.5.29
STATUS | wrapper  | main    | 2019/03/22 17:55:25.234 |   Copyright (C) 1999-2016 Tanuki Software, Ltd. All Rights Reserved.
STATUS | wrapper  | main    | 2019/03/22 17:55:25.234 |     http://wrapper.tanukisoftware.com
STATUS | wrapper  | main    | 2019/03/22 17:55:25.234 |   Licensed to SAP SE for hybris Platform
STATUS | wrapper  | main    | 2019/03/22 17:55:25.234 | 
STATUS | wrapper  | main    | 2019/03/22 17:55:25.539 | Launching a JVM...
WARN   | wrapper  | main    | 2019/03/22 17:55:25.540 | Unable to write the Java PID file: /opt/CXCOMM181100P_1-70004085/hybris/data/hybristomcat.java.pid
WARN   | wrapper  | main    | 2019/03/22 17:55:25.540 | Unable to write the Java Id file: /opt/CXCOMM181100P_1-70004085/hybris/data/hybristomcat.java.id
INFO   | jvm 1    | main    | 2019/03/22 17:55:25.741 | WrapperManager: Initializing...
INFO   | jvm 1    | main    | 2019/03/22 17:55:26.243 | Mar 22, 2019 5:55:26 PM org.apache.coyote.AbstractProtocol init
INFO   | jvm 1    | main    | 2019/03/22 17:55:26.243 | INFO: Initializing ProtocolHandler ["http-nio-9001"]
INFO   | jvm 1    | main    | 2019/03/22 17:55:26.243 | Mar 22, 2019 5:55:26 PM org.apache.tomcat.util.net.NioSelectorPool getSharedSelector
INFO   | jvm 1    | main    | 2019/03/22 17:55:26.243 | INFO: Using a shared selector for servlet write/read
INFO   | jvm 1    | main    | 2019/03/22 17:55:26.243 | Mar 22, 2019 5:55:26 PM org.apache.coyote.AbstractProtocol init
INFO   | jvm 1    | main    | 2019/03/22 17:55:26.243 | INFO: Initializing ProtocolHandler ["https-jsse-nio-9002"]
INFO   | jvm 1    | main    | 2019/03/22 17:55:26.543 | Mar 22, 2019 5:55:26 PM org.apache.tomcat.util.net.NioSelectorPool getSharedSelector
INFO   | jvm 1    | main    | 2019/03/22 17:55:26.543 | INFO: Using a shared selector for servlet write/read
INFO   | jvm 1    | main    | 2019/03/22 17:55:26.543 | Mar 22, 2019 5:55:26 PM org.apache.coyote.AbstractProtocol init
INFO   | jvm 1    | main    | 2019/03/22 17:55:26.543 | INFO: Initializing ProtocolHandler ["ajp-nio-8009"]
INFO   | jvm 1    | main    | 2019/03/22 17:55:26.543 | Mar 22, 2019 5:55:26 PM org.apache.tomcat.util.net.NioSelectorPool getSharedSelector
INFO   | jvm 1    | main    | 2019/03/22 17:55:26.544 | INFO: Using a shared selector for servlet write/read
INFO   | jvm 1    | main    | 2019/03/22 17:55:26.544 | Mar 22, 2019 5:55:26 PM org.apache.catalina.startup.Catalina load
INFO   | jvm 1    | main    | 2019/03/22 17:55:26.544 | INFO: Initialization processed in 605 ms
INFO   | jvm 1    | main    | 2019/03/22 17:55:26.544 | Mar 22, 2019 5:55:26 PM org.apache.catalina.mbeans.JmxRemoteLifecycleListener createServer
INFO   | jvm 1    | main    | 2019/03/22 17:55:26.544 | INFO: The JMX Remote Listener has configured the registry on port [9003] and the server on port [9004] for the [Platform] server
INFO   | jvm 1    | main    | 2019/03/22 17:55:26.544 | Mar 22, 2019 5:55:26 PM org.apache.catalina.core.StandardService startInternal
INFO   | jvm 1    | main    | 2019/03/22 17:55:26.544 | INFO: Starting service [Catalina]
INFO   | jvm 1    | main    | 2019/03/22 17:55:26.544 | Mar 22, 2019 5:55:26 PM org.apache.catalina.core.StandardContext postWorkDirectory
INFO   | jvm 1    | main    | 2019/03/22 17:55:26.544 | WARNING: Failed to create work directory [/opt/CXCOMM181100P_1-70004085/hybris/bin/platform/tomcat/work/Catalina/localhost/medias] for context [/medias]
INFO   | jvm 1    | main    | 2019/03/22 17:55:26.544 | Mar 22, 2019 5:55:26 PM org.apache.catalina.core.StandardContext postWorkDirectory
INFO   | jvm 1    | main    | 2019/03/22 17:55:26.544 | WARNING: Failed to create work directory [/opt/CXCOMM181100P_1-70004085/hybris/bin/platform/tomcat/work/Catalina/localhost/hac_junit] for context [/hac_junit]
INFO   | jvm 1    | main    | 2019/03/22 17:55:26.544 | Mar 22, 2019 5:55:26 PM org.apache.catalina.core.StandardContext postWorkDirectory
INFO   | jvm 1    | main    | 2019/03/22 17:55:26.544 | WARNING: Failed to create work directory [/opt/CXCOMM181100P_1-70004085/hybris/bin/platform/tomcat/work/Catalina/localhost/test] for context [/test]
INFO   | jvm 1    | main    | 2019/03/22 17:55:26.544 | Mar 22, 2019 5:55:26 PM org.apache.catalina.core.StandardContext postWorkDirectory
INFO   | jvm 1    | main    | 2019/03/22 17:55:26.544 | WARNING: Failed to create work directory [/opt/CXCOMM181100P_1-70004085/hybris/bin/platform/tomcat/work/Catalina/localhost/processing] for context [/processing]
INFO   | jvm 1    | main    | 2019/03/22 17:55:26.544 | Mar 22, 2019 5:55:26 PM org.apache.catalina.core.StandardContext postWorkDirectory
INFO   | jvm 1    | main    | 2019/03/22 17:55:26.544 | WARNING: Failed to create work directory [/opt/CXCOMM181100P_1-70004085/hybris/bin/platform/tomcat/work/Catalina/localhost/ROOT] for context []
INFO   | jvm 1    | main    | 2019/03/22 17:55:26.544 | Mar 22, 2019 5:55:26 PM org.apache.catalina.core.StandardContext postWorkDirectory
INFO   | jvm 1    | main    | 2019/03/22 17:55:26.544 | WARNING: Failed to create work directory [/opt/CXCOMM181100P_1-70004085/hybris/bin/platform/tomcat/work/Catalina/localhost/authorizationserver_junit] for context [/authorizationserver_junit]
INFO   | jvm 1    | main    | 2019/03/22 17:55:26.544 | Mar 22, 2019 5:55:26 PM org.apache.catalina.core.StandardContext postWorkDirectory
INFO   | jvm 1    | main    | 2019/03/22 17:55:26.544 | WARNING: Failed to create work directory [/opt/CXCOMM181100P_1-70004085/hybris/bin/platform/tomcat/work/Catalina/localhost/authorizationserver] for context [/authorizationserver]
INFO   | jvm 1    | main    | 2019/03/22 17:55:27.946 | log4j:ERROR setFile(null,true) call failed.
INFO   | jvm 1    | main    | 2019/03/22 17:55:27.946 | java.io.FileNotFoundException: /opt/CXCOMM181100P_1-70004085/hybris/log/performance.log (Permission denied)
INFO   | jvm 1    | main    | 2019/03/22 17:55:27.946 | 	at java.io.FileOutputStream.open0(Native Method)
INFO   | jvm 1    | main    | 2019/03/22 17:55:27.946 | 	at java.io.FileOutputStream.open(FileOutputStream.java:270)
INFO   | jvm 1    | main    | 2019/03/22 17:55:27.946 | 	at java.io.FileOutputStream.<init>(FileOutputStream.java:213)
INFO   | jvm 1    | main    | 2019/03/22 17:55:27.946 | 	at java.io.FileOutputStream.<init>(FileOutputStream.java:133)
INFO   | jvm 1    | main    | 2019/03/22 17:55:27.946 | 	at org.apache.log4j.FileAppender.setFile(FileAppender.java:294)
INFO   | jvm 1    | main    | 2019/03/22 17:55:27.946 | 	at org.apache.log4j.RollingFileAppender.setFile(RollingFileAppender.java:207)
INFO   | jvm 1    | main    | 2019/03/22 17:55:27.946 | 	at org.apache.log4j.FileAppender.activateOptions(FileAppender.java:165)
INFO   | jvm 1    | main    | 2019/03/22 17:55:27.946 | 	at org.apache.log4j.config.PropertySetter.activate(PropertySetter.java:307)
INFO   | jvm 1    | main    | 2019/03/22 17:55:27.946 | 	at org.apache.log4j.config.PropertySetter.setProperties(PropertySetter.java:172)
INFO   | jvm 1    | main    | 2019/03/22 17:55:27.946 | 	at org.apache.log4j.config.PropertySetter.setProperties(PropertySetter.java:104)
INFO   | jvm 1    | main    | 2019/03/22 17:55:27.946 | 	at org.apache.log4j.PropertyConfigurator.parseAppender(PropertyConfigurator.java:842)
INFO   | jvm 1    | main    | 2019/03/22 17:55:27.946 | 	at org.apache.log4j.PropertyConfigurator.parseCategory(PropertyConfigurator.java:768)
INFO   | jvm 1    | main    | 2019/03/22 17:55:27.946 | 	at org.apache.log4j.PropertyConfigurator.parseCatsAndRenderers(PropertyConfigurator.java:672)
INFO   | jvm 1    | main    | 2019/03/22 17:55:27.946 | 	at org.apache.log4j.PropertyConfigurator.doConfigure(PropertyConfigurator.java:516)
INFO   | jvm 1    | main    | 2019/03/22 17:55:27.946 | 	at de.hybris.platform.core.Log4JUtils.readConfig(Log4JUtils.java:103)
INFO   | jvm 1    | main    | 2019/03/22 17:55:27.946 | 	at de.hybris.platform.core.Log4JUtils.startup(Log4JUtils.java:56)
INFO   | jvm 1    | main    | 2019/03/22 17:55:27.946 | 	at de.hybris.platform.util.Utilities.<clinit>(Utilities.java:125)
INFO   | jvm 1    | main    | 2019/03/22 17:55:27.946 | 	at de.hybris.platform.util.logging.log4j2.HybrisLog4j2ConfigurationFactory.getConfiguration(HybrisLog4j2ConfigurationFactory.java:55)
INFO   | jvm 1    | main    | 2019/03/22 17:55:27.946 | 	at org.apache.logging.log4j.core.config.ConfigurationFactory$Factory.getConfiguration(ConfigurationFactory.java:353)
INFO   | jvm 1    | main    | 2019/03/22 17:55:27.946 | 	at org.apache.logging.log4j.core.config.ConfigurationFactory.getConfiguration(ConfigurationFactory.java:260)
INFO   | jvm 1    | main    | 2019/03/22 17:55:27.946 | 	at org.apache.logging.log4j.core.LoggerContext.reconfigure(LoggerContext.java:613)
INFO   | jvm 1    | main    | 2019/03/22 17:55:27.946 | 	at org.apache.logging.log4j.core.LoggerContext.reconfigure(LoggerContext.java:634)
INFO   | jvm 1    | main    | 2019/03/22 17:55:27.946 | 	at org.apache.logging.log4j.core.LoggerContext.start(LoggerContext.java:229)
INFO   | jvm 1    | main    | 2019/03/22 17:55:27.946 | 	at org.apache.logging.log4j.core.impl.Log4jContextFactory.getContext(Log4jContextFactory.java:152)
INFO   | jvm 1    | main    | 2019/03/22 17:55:27.946 | 	at org.apache.logging.log4j.core.impl.Log4jContextFactory.getContext(Log4jContextFactory.java:45)
INFO   | jvm 1    | main    | 2019/03/22 17:55:27.946 | 	at org.apache.logging.log4j.LogManager.getContext(LogManager.java:194)
INFO   | jvm 1    | main    | 2019/03/22 17:55:27.946 | 	at org.apache.logging.log4j.spi.AbstractLoggerAdapter.getContext(AbstractLoggerAdapter.java:122)
INFO   | jvm 1    | main    | 2019/03/22 17:55:27.946 | 	at org.apache.logging.slf4j.Log4jLoggerFactory.getContext(Log4jLoggerFactory.java:43)
INFO   | jvm 1    | main    | 2019/03/22 17:55:27.946 | 	at org.apache.logging.log4j.spi.AbstractLoggerAdapter.getLogger(AbstractLoggerAdapter.java:46)
INFO   | jvm 1    | main    | 2019/03/22 17:55:27.946 | 	at org.apache.logging.slf4j.Log4jLoggerFactory.getLogger(Log4jLoggerFactory.java:29)
INFO   | jvm 1    | main    | 2019/03/22 17:55:27.946 | 	at org.slf4j.LoggerFactory.getLogger(LoggerFactory.java:358)
INFO   | jvm 1    | main    | 2019/03/22 17:55:27.947 | 	at de.hybris.platform.util.logging.HybrisLogger.<init>(HybrisLogger.java:104)
INFO   | jvm 1    | main    | 2019/03/22 17:55:27.947 | 	at de.hybris.platform.util.logging.HybrisLoggerFactory.makeNewLoggerInstance(HybrisLoggerFactory.java:31)
INFO   | jvm 1    | main    | 2019/03/22 17:55:27.947 | 	at org.apache.log4j.Hierarchy.getLogger(Hierarchy.java:275)
INFO   | jvm 1    | main    | 2019/03/22 17:55:27.947 | 	at org.apache.log4j.PropertyConfigurator.parseCatsAndRenderers(PropertyConfigurator.java:670)
INFO   | jvm 1    | main    | 2019/03/22 17:55:27.947 | 	at org.apache.log4j.PropertyConfigurator.doConfigure(PropertyConfigurator.java:516)
INFO   | jvm 1    | main    | 2019/03/22 17:55:27.947 | 	at de.hybris.platform.core.Log4JUtils.readConfig(Log4JUtils.java:103)
INFO   | jvm 1    | main    | 2019/03/22 17:55:27.947 | 	at de.hybris.platform.core.Log4JUtils.startup(Log4JUtils.java:56)
INFO   | jvm 1    | main    | 2019/03/22 17:55:27.947 | 	at de.hybris.platform.core.Registry.lambda$0(Registry.java:81)
INFO   | jvm 1    | main    | 2019/03/22 17:55:27.947 | 	at de.hybris.platform.core.ClassLoaderUtils.executeWithWebClassLoaderParentIfNeeded(ClassLoaderUtils.java:42)
INFO   | jvm 1    | main    | 2019/03/22 17:55:27.947 | 	at de.hybris.platform.core.Registry.<clinit>(Registry.java:79)
INFO   | jvm 1    | main    | 2019/03/22 17:55:27.947 | 	at de.hybris.platform.servicelayer.web.DefaultXSSFilterConfig.<init>(DefaultXSSFilterConfig.java:46)
INFO   | jvm 1    | main    | 2019/03/22 17:55:27.947 | 	at de.hybris.platform.servicelayer.web.XSSFilter.init(XSSFilter.java:169)
INFO   | jvm 1    | main    | 2019/03/22 17:55:27.947 | 	at org.apache.catalina.core.ApplicationFilterConfig.initFilter(ApplicationFilterConfig.java:285)
INFO   | jvm 1    | main    | 2019/03/22 17:55:27.947 | 	at org.apache.catalina.core.ApplicationFilterConfig.getFilter(ApplicationFilterConfig.java:266)
INFO   | jvm 1    | main    | 2019/03/22 17:55:27.947 | 	at org.apache.catalina.core.ApplicationFilterConfig.<init>(ApplicationFilterConfig.java:108)
INFO   | jvm 1    | main    | 2019/03/22 17:55:27.947 | 	at org.apache.catalina.core.StandardContext.filterStart(StandardContext.java:4637)
INFO   | jvm 1    | main    | 2019/03/22 17:55:27.947 | 	at org.apache.catalina.core.StandardContext.startInternal(StandardContext.java:5282)
INFO   | jvm 1    | main    | 2019/03/22 17:55:27.947 | 	at org.apache.catalina.util.LifecycleBase.start(LifecycleBase.java:150)
INFO   | jvm 1    | main    | 2019/03/22 17:55:27.947 | 	at org.apache.catalina.core.ContainerBase$StartChild.call(ContainerBase.java:1421)
INFO   | jvm 1    | main    | 2019/03/22 17:55:27.947 | 	at org.apache.catalina.core.ContainerBase$StartChild.call(ContainerBase.java:1411)
INFO   | jvm 1    | main    | 2019/03/22 17:55:27.947 | 	at java.util.concurrent.FutureTask.run(FutureTask.java:266)
INFO   | jvm 1    | main    | 2019/03/22 17:55:27.947 | 	at java.util.concurrent.ThreadPoolExecutor.runWorker(ThreadPoolExecutor.java:1142)
INFO   | jvm 1    | main    | 2019/03/22 17:55:27.947 | 	at java.util.concurrent.ThreadPoolExecutor$Worker.run(ThreadPoolExecutor.java:617)
INFO   | jvm 1    | main    | 2019/03/22 17:55:27.947 | 	at java.lang.Thread.run(Thread.java:745)
INFO   | jvm 1    | main    | 2019/03/22 17:55:28.047 | log4j:ERROR setFile(null,true) call failed.
INFO   | jvm 1    | main    | 2019/03/22 17:55:28.047 | java.io.FileNotFoundException: /opt/CXCOMM181100P_1-70004085/hybris/log/performance.log (Permission denied)
INFO   | jvm 1    | main    | 2019/03/22 17:55:28.047 | 	at java.io.FileOutputStream.open0(Native Method)
INFO   | jvm 1    | main    | 2019/03/22 17:55:28.048 | 	at java.io.FileOutputStream.open(FileOutputStream.java:270)
INFO   | jvm 1    | main    | 2019/03/22 17:55:28.048 | 	at java.io.FileOutputStream.<init>(FileOutputStream.java:213)
INFO   | jvm 1    | main    | 2019/03/22 17:55:28.048 | 	at java.io.FileOutputStream.<init>(FileOutputStream.java:133)
INFO   | jvm 1    | main    | 2019/03/22 17:55:28.048 | 	at org.apache.log4j.FileAppender.setFile(FileAppender.java:294)
INFO   | jvm 1    | main    | 2019/03/22 17:55:28.048 | 	at org.apache.log4j.RollingFileAppender.setFile(RollingFileAppender.java:207)
INFO   | jvm 1    | main    | 2019/03/22 17:55:28.048 | 	at org.apache.log4j.FileAppender.activateOptions(FileAppender.java:165)
INFO   | jvm 1    | main    | 2019/03/22 17:55:28.048 | 	at org.apache.log4j.config.PropertySetter.activate(PropertySetter.java:307)
INFO   | jvm 1    | main    | 2019/03/22 17:55:28.048 | 	at org.apache.log4j.config.PropertySetter.setProperties(PropertySetter.java:172)
INFO   | jvm 1    | main    | 2019/03/22 17:55:28.048 | 	at org.apache.log4j.config.PropertySetter.setProperties(PropertySetter.java:104)
INFO   | jvm 1    | main    | 2019/03/22 17:55:28.048 | 	at org.apache.log4j.PropertyConfigurator.parseAppender(PropertyConfigurator.java:842)
INFO   | jvm 1    | main    | 2019/03/22 17:55:28.048 | 	at org.apache.log4j.PropertyConfigurator.parseCategory(PropertyConfigurator.java:768)
INFO   | jvm 1    | main    | 2019/03/22 17:55:28.048 | 	at org.apache.log4j.PropertyConfigurator.parseCatsAndRenderers(PropertyConfigurator.java:672)
INFO   | jvm 1    | main    | 2019/03/22 17:55:28.048 | 	at org.apache.log4j.PropertyConfigurator.doConfigure(PropertyConfigurator.java:516)
INFO   | jvm 1    | main    | 2019/03/22 17:55:28.048 | 	at de.hybris.platform.core.Log4JUtils.readConfig(Log4JUtils.java:103)
INFO   | jvm 1    | main    | 2019/03/22 17:55:28.048 | 	at de.hybris.platform.core.Log4JUtils.startup(Log4JUtils.java:56)
INFO   | jvm 1    | main    | 2019/03/22 17:55:28.048 | 	at de.hybris.platform.core.Registry.lambda$0(Registry.java:81)
INFO   | jvm 1    | main    | 2019/03/22 17:55:28.048 | 	at de.hybris.platform.core.ClassLoaderUtils.executeWithWebClassLoaderParentIfNeeded(ClassLoaderUtils.java:42)
INFO   | jvm 1    | main    | 2019/03/22 17:55:28.048 | 	at de.hybris.platform.core.Registry.<clinit>(Registry.java:79)
INFO   | jvm 1    | main    | 2019/03/22 17:55:28.048 | 	at de.hybris.platform.servicelayer.web.DefaultXSSFilterConfig.<init>(DefaultXSSFilterConfig.java:46)
INFO   | jvm 1    | main    | 2019/03/22 17:55:28.048 | 	at de.hybris.platform.servicelayer.web.XSSFilter.init(XSSFilter.java:169)
INFO   | jvm 1    | main    | 2019/03/22 17:55:28.048 | 	at org.apache.catalina.core.ApplicationFilterConfig.initFilter(ApplicationFilterConfig.java:285)
INFO   | jvm 1    | main    | 2019/03/22 17:55:28.048 | 	at org.apache.catalina.core.ApplicationFilterConfig.getFilter(ApplicationFilterConfig.java:266)
INFO   | jvm 1    | main    | 2019/03/22 17:55:28.048 | 	at org.apache.catalina.core.ApplicationFilterConfig.<init>(ApplicationFilterConfig.java:108)
INFO   | jvm 1    | main    | 2019/03/22 17:55:28.048 | 	at org.apache.catalina.core.StandardContext.filterStart(StandardContext.java:4637)
INFO   | jvm 1    | main    | 2019/03/22 17:55:28.048 | 	at org.apache.catalina.core.StandardContext.startInternal(StandardContext.java:5282)
INFO   | jvm 1    | main    | 2019/03/22 17:55:28.048 | 	at org.apache.catalina.util.LifecycleBase.start(LifecycleBase.java:150)
INFO   | jvm 1    | main    | 2019/03/22 17:55:28.048 | 	at org.apache.catalina.core.ContainerBase$StartChild.call(ContainerBase.java:1421)
INFO   | jvm 1    | main    | 2019/03/22 17:55:28.048 | 	at org.apache.catalina.core.ContainerBase$StartChild.call(ContainerBase.java:1411)
INFO   | jvm 1    | main    | 2019/03/22 17:55:28.048 | 	at java.util.concurrent.FutureTask.run(FutureTask.java:266)
INFO   | jvm 1    | main    | 2019/03/22 17:55:28.048 | 	at java.util.concurrent.ThreadPoolExecutor.runWorker(ThreadPoolExecutor.java:1142)
INFO   | jvm 1    | main    | 2019/03/22 17:55:28.048 | 	at java.util.concurrent.ThreadPoolExecutor$Worker.run(ThreadPoolExecutor.java:617)
INFO   | jvm 1    | main    | 2019/03/22 17:55:28.048 | 	at java.lang.Thread.run(Thread.java:745)
INFO   | jvm 1    | main    | 2019/03/22 17:55:28.349 | INFO  [localhost-startStop-6] [TenantStartupNotifier] Using default implementation of TenantStartupNotifier for tenant <<master>>
INFO   | jvm 1    | main    | 2019/03/22 17:55:28.349 | INFO  [localhost-startStop-6] [TenantStartupNotifier] Instantiating de.hybris.platform.core.BlockingTenantStartupNotifier for tenant <<master>>.
INFO   | jvm 1    | main    | 2019/03/22 17:55:28.349 | >>> No SAP licenses found in the system. Trying fallback to hybris license.
INFO   | jvm 1    | main    | 2019/03/22 17:55:28.349 | INFO  [localhost-startStop-4] [TenantStartupNotifier] Using default implementation of TenantStartupNotifier for tenant <<master>>
INFO   | jvm 1    | main    | 2019/03/22 17:55:28.349 | INFO  [localhost-startStop-4] [TenantStartupNotifier] Instantiating de.hybris.platform.core.BlockingTenantStartupNotifier for tenant <<master>>.
INFO   | jvm 1    | main    | 2019/03/22 17:55:28.349 | Mar 22, 2019 5:55:28 PM org.apache.catalina.core.StandardContext filterStart
INFO   | jvm 1    | main    | 2019/03/22 17:55:28.349 | SEVERE: Exception starting filter [XSSFilter]
INFO   | jvm 1    | main    | 2019/03/22 17:55:28.349 | de.hybris.platform.servicelayer.exceptions.SystemException: Failed to create system shutdown token
INFO   | jvm 1    | main    | 2019/03/22 17:55:28.349 | 	at de.hybris.platform.core.internal.ShutdownTokenFileCreator.writeShutdownTokenFile(ShutdownTokenFileCreator.java:65)
INFO   | jvm 1    | main    | 2019/03/22 17:55:28.349 | 	at de.hybris.platform.core.MasterTenant.<init>(MasterTenant.java:98)
INFO   | jvm 1    | main    | 2019/03/22 17:55:28.349 | 	at de.hybris.platform.core.Registry.getMasterTenant(Registry.java:872)
INFO   | jvm 1    | main    | 2019/03/22 17:55:28.349 | 	at de.hybris.platform.servicelayer.web.DefaultXSSFilterConfig.<init>(DefaultXSSFilterConfig.java:46)
INFO   | jvm 1    | main    | 2019/03/22 17:55:28.349 | 	at de.hybris.platform.servicelayer.web.XSSFilter.init(XSSFilter.java:169)
INFO   | jvm 1    | main    | 2019/03/22 17:55:28.349 | 	at org.apache.catalina.core.ApplicationFilterConfig.initFilter(ApplicationFilterConfig.java:285)
INFO   | jvm 1    | main    | 2019/03/22 17:55:28.349 | 	at org.apache.catalina.core.ApplicationFilterConfig.getFilter(ApplicationFilterConfig.java:266)
INFO   | jvm 1    | main    | 2019/03/22 17:55:28.349 | 	at org.apache.catalina.core.ApplicationFilterConfig.<init>(ApplicationFilterConfig.java:108)
INFO   | jvm 1    | main    | 2019/03/22 17:55:28.349 | 	at org.apache.catalina.core.StandardContext.filterStart(StandardContext.java:4637)
INFO   | jvm 1    | main    | 2019/03/22 17:55:28.349 | 	at org.apache.catalina.core.StandardContext.startInternal(StandardContext.java:5282)
INFO   | jvm 1    | main    | 2019/03/22 17:55:28.349 | 	at org.apache.catalina.util.LifecycleBase.start(LifecycleBase.java:150)
INFO   | jvm 1    | main    | 2019/03/22 17:55:28.349 | 	at org.apache.catalina.core.ContainerBase$StartChild.call(ContainerBase.java:1421)
INFO   | jvm 1    | main    | 2019/03/22 17:55:28.349 | 	at org.apache.catalina.core.ContainerBase$StartChild.call(ContainerBase.java:1411)
INFO   | jvm 1    | main    | 2019/03/22 17:55:28.349 | 	at java.util.concurrent.FutureTask.run(FutureTask.java:266)
INFO   | jvm 1    | main    | 2019/03/22 17:55:28.349 | 	at java.util.concurrent.ThreadPoolExecutor.runWorker(ThreadPoolExecutor.java:1142)
INFO   | jvm 1    | main    | 2019/03/22 17:55:28.349 | 	at java.util.concurrent.ThreadPoolExecutor$Worker.run(ThreadPoolExecutor.java:617)
INFO   | jvm 1    | main    | 2019/03/22 17:55:28.349 | 	at java.lang.Thread.run(Thread.java:745)
INFO   | jvm 1    | main    | 2019/03/22 17:55:28.349 | Caused by: java.nio.file.AccessDeniedException: /opt/CXCOMM181100P_1-70004085/hybris/data/shutdown.token
INFO   | jvm 1    | main    | 2019/03/22 17:55:28.349 | 	at sun.nio.fs.UnixException.translateToIOException(UnixException.java:84)
INFO   | jvm 1    | main    | 2019/03/22 17:55:28.350 | 	at sun.nio.fs.UnixException.rethrowAsIOException(UnixException.java:102)
INFO   | jvm 1    | main    | 2019/03/22 17:55:28.350 | 	at sun.nio.fs.UnixException.rethrowAsIOException(UnixException.java:107)
INFO   | jvm 1    | main    | 2019/03/22 17:55:28.350 | 	at sun.nio.fs.UnixFileSystemProvider.newByteChannel(UnixFileSystemProvider.java:214)
INFO   | jvm 1    | main    | 2019/03/22 17:55:28.350 | 	at java.nio.file.spi.FileSystemProvider.newOutputStream(FileSystemProvider.java:434)
INFO   | jvm 1    | main    | 2019/03/22 17:55:28.350 | 	at java.nio.file.Files.newOutputStream(Files.java:216)
INFO   | jvm 1    | main    | 2019/03/22 17:55:28.350 | 	at java.nio.file.Files.write(Files.java:3292)
INFO   | jvm 1    | main    | 2019/03/22 17:55:28.350 | 	at de.hybris.platform.core.internal.ShutdownTokenFileCreator.writeShutdownTokenFile(ShutdownTokenFileCreator.java:59)
INFO   | jvm 1    | main    | 2019/03/22 17:55:28.350 | 	... 16 more
INFO   | jvm 1    | main    | 2019/03/22 17:55:28.350 | 
INFO   | jvm 1    | main    | 2019/03/22 17:55:28.350 | Mar 22, 2019 5:55:28 PM org.apache.catalina.core.StandardContext startInternal
INFO   | jvm 1    | main    | 2019/03/22 17:55:28.350 | SEVERE: One or more Filters failed to start. Full details will be found in the appropriate container log file
INFO   | jvm 1    | main    | 2019/03/22 17:55:28.350 | Mar 22, 2019 5:55:28 PM org.apache.catalina.core.StandardContext startInternal
INFO   | jvm 1    | main    | 2019/03/22 17:55:28.350 | SEVERE: Context [/maintenance] startup failed due to previous errors
INFO   | jvm 1    | main    | 2019/03/22 17:55:28.350 | >>> No SAP licenses found in the system. Trying fallback to hybris license.
INFO   | jvm 1    | main    | 2019/03/22 17:55:28.350 | INFO  [localhost-startStop-7] [TenantStartupNotifier] Using default implementation of TenantStartupNotifier for tenant <<master>>
INFO   | jvm 1    | main    | 2019/03/22 17:55:28.350 | INFO  [localhost-startStop-7] [TenantStartupNotifier] Instantiating de.hybris.platform.core.BlockingTenantStartupNotifier for tenant <<master>>.
INFO   | jvm 1    | main    | 2019/03/22 17:55:28.350 | Mar 22, 2019 5:55:28 PM org.apache.catalina.core.StandardContext listenerStart
INFO   | jvm 1    | main    | 2019/03/22 17:55:28.350 | SEVERE: Exception sending context initialized event to listener instance of class [de.hybris.platform.spring.HybrisContextLoaderListener]
INFO   | jvm 1    | main    | 2019/03/22 17:55:28.350 | de.hybris.platform.servicelayer.exceptions.SystemException: Failed to create system shutdown token
INFO   | jvm 1    | main    | 2019/03/22 17:55:28.350 | 	at de.hybris.platform.core.internal.ShutdownTokenFileCreator.writeShutdownTokenFile(ShutdownTokenFileCreator.java:65)
INFO   | jvm 1    | main    | 2019/03/22 17:55:28.350 | 	at de.hybris.platform.core.MasterTenant.<init>(MasterTenant.java:98)
INFO   | jvm 1    | main    | 2019/03/22 17:55:28.350 | 	at de.hybris.platform.core.Registry.getMasterTenant(Registry.java:872)
INFO   | jvm 1    | main    | 2019/03/22 17:55:28.350 | 	at de.hybris.platform.core.Registry.activateMasterTenant(Registry.java:625)
INFO   | jvm 1    | main    | 2019/03/22 17:55:28.350 | 	at de.hybris.platform.core.Registry.startup(Registry.java:444)
INFO   | jvm 1    | main    | 2019/03/22 17:55:28.350 | 	at de.hybris.platform.core.ClassLoaderUtils.executeWithWebClassLoaderParentIfNeeded(ClassLoaderUtils.java:42)
INFO   | jvm 1    | main    | 2019/03/22 17:55:28.350 | 	at de.hybris.platform.spring.HybrisContextLoaderListener.startRegistry(HybrisContextLoaderListener.java:325)
INFO   | jvm 1    | main    | 2019/03/22 17:55:28.350 | 	at de.hybris.platform.spring.HybrisContextLoaderListener.doInitWebApplicationContext(HybrisContextLoaderListener.java:211)
INFO   | jvm 1    | main    | 2019/03/22 17:55:28.350 | 	at de.hybris.platform.spring.HybrisContextLoaderListener.initWebApplicationContext(HybrisContextLoaderListener.java:199)
INFO   | jvm 1    | main    | 2019/03/22 17:55:28.351 | 	at org.springframework.web.context.ContextLoaderListener.contextInitialized(ContextLoaderListener.java:107)
INFO   | jvm 1    | main    | 2019/03/22 17:55:28.351 | 	at de.hybris.platform.spring.HybrisContextLoaderListener.contextInitialized(HybrisContextLoaderListener.java:95)
INFO   | jvm 1    | main    | 2019/03/22 17:55:28.351 | 	at org.apache.catalina.core.StandardContext.listenerStart(StandardContext.java:4792)
INFO   | jvm 1    | main    | 2019/03/22 17:55:28.351 | 	at org.apache.catalina.core.StandardContext.startInternal(StandardContext.java:5256)
INFO   | jvm 1    | main    | 2019/03/22 17:55:28.351 | 	at org.apache.catalina.util.LifecycleBase.start(LifecycleBase.java:150)
INFO   | jvm 1    | main    | 2019/03/22 17:55:28.351 | 	at org.apache.catalina.core.ContainerBase$StartChild.call(ContainerBase.java:1421)
INFO   | jvm 1    | main    | 2019/03/22 17:55:28.351 | 	at org.apache.catalina.core.ContainerBase$StartChild.call(ContainerBase.java:1411)
INFO   | jvm 1    | main    | 2019/03/22 17:55:28.351 | 	at java.util.concurrent.FutureTask.run(FutureTask.java:266)
INFO   | jvm 1    | main    | 2019/03/22 17:55:28.351 | 	at java.util.concurrent.ThreadPoolExecutor.runWorker(ThreadPoolExecutor.java:1142)
INFO   | jvm 1    | main    | 2019/03/22 17:55:28.351 | 	at java.util.concurrent.ThreadPoolExecutor$Worker.run(ThreadPoolExecutor.java:617)
INFO   | jvm 1    | main    | 2019/03/22 17:55:28.351 | 	at java.lang.Thread.run(Thread.java:745)
INFO   | jvm 1    | main    | 2019/03/22 17:55:28.351 | Caused by: java.nio.file.AccessDeniedException: /opt/CXCOMM181100P_1-70004085/hybris/data/shutdown.token
INFO   | jvm 1    | main    | 2019/03/22 17:55:28.351 | 	at sun.nio.fs.UnixException.translateToIOException(UnixException.java:84)
INFO   | jvm 1    | main    | 2019/03/22 17:55:28.351 | 	at sun.nio.fs.UnixException.rethrowAsIOException(UnixException.java:102)
INFO   | jvm 1    | main    | 2019/03/22 17:55:28.351 | 	at sun.nio.fs.UnixException.rethrowAsIOException(UnixException.java:107)
INFO   | jvm 1    | main    | 2019/03/22 17:55:28.351 | 	at sun.nio.fs.UnixFileSystemProvider.newByteChannel(UnixFileSystemProvider.java:214)
INFO   | jvm 1    | main    | 2019/03/22 17:55:28.351 | 	at java.nio.file.spi.FileSystemProvider.newOutputStream(FileSystemProvider.java:434)
INFO   | jvm 1    | main    | 2019/03/22 17:55:28.351 | 	at java.nio.file.Files.newOutputStream(Files.java:216)
INFO   | jvm 1    | main    | 2019/03/22 17:55:28.351 | 	at java.nio.file.Files.write(Files.java:3292)
INFO   | jvm 1    | main    | 2019/03/22 17:55:28.351 | 	at de.hybris.platform.core.internal.ShutdownTokenFileCreator.writeShutdownTokenFile(ShutdownTokenFileCreator.java:59)
INFO   | jvm 1    | main    | 2019/03/22 17:55:28.351 | 	... 19 more
INFO   | jvm 1    | main    | 2019/03/22 17:55:28.351 | 
INFO   | jvm 1    | main    | 2019/03/22 17:55:28.351 | Mar 22, 2019 5:55:28 PM org.apache.catalina.core.StandardContext startInternal
INFO   | jvm 1    | main    | 2019/03/22 17:55:28.351 | SEVERE: One or more listeners failed to start. Full details will be found in the appropriate container log file
INFO   | jvm 1    | main    | 2019/03/22 17:55:28.351 | Mar 22, 2019 5:55:28 PM org.apache.catalina.core.StandardContext startInternal
INFO   | jvm 1    | main    | 2019/03/22 17:55:28.351 | SEVERE: Context [/hac_junit] startup failed due to previous errors
INFO   | jvm 1    | main    | 2019/03/22 17:55:28.351 | >>> No SAP licenses found in the system. Trying fallback to hybris license.
INFO   | jvm 1    | main    | 2019/03/22 17:55:28.351 | INFO  [localhost-startStop-3] [TenantStartupNotifier] Using default implementation of TenantStartupNotifier for tenant <<master>>
INFO   | jvm 1    | main    | 2019/03/22 17:55:28.351 | INFO  [localhost-startStop-3] [TenantStartupNotifier] Instantiating de.hybris.platform.core.BlockingTenantStartupNotifier for tenant <<master>>.
INFO   | jvm 1    | main    | 2019/03/22 17:55:28.351 | Mar 22, 2019 5:55:28 PM org.apache.catalina.core.StandardContext filterStart
INFO   | jvm 1    | main    | 2019/03/22 17:55:28.352 | SEVERE: Exception starting filter [XSSFilter]
INFO   | jvm 1    | main    | 2019/03/22 17:55:28.352 | de.hybris.platform.servicelayer.exceptions.SystemException: Failed to create system shutdown token
INFO   | jvm 1    | main    | 2019/03/22 17:55:28.352 | 	at de.hybris.platform.core.internal.ShutdownTokenFileCreator.writeShutdownTokenFile(ShutdownTokenFileCreator.java:65)
INFO   | jvm 1    | main    | 2019/03/22 17:55:28.352 | 	at de.hybris.platform.core.MasterTenant.<init>(MasterTenant.java:98)
INFO   | jvm 1    | main    | 2019/03/22 17:55:28.352 | 	at de.hybris.platform.core.Registry.getMasterTenant(Registry.java:872)
INFO   | jvm 1    | main    | 2019/03/22 17:55:28.352 | 	at de.hybris.platform.servicelayer.web.DefaultXSSFilterConfig.<init>(DefaultXSSFilterConfig.java:46)
INFO   | jvm 1    | main    | 2019/03/22 17:55:28.352 | 	at de.hybris.platform.servicelayer.web.XSSFilter.init(XSSFilter.java:169)
INFO   | jvm 1    | main    | 2019/03/22 17:55:28.352 | 	at org.apache.catalina.core.ApplicationFilterConfig.initFilter(ApplicationFilterConfig.java:285)
INFO   | jvm 1    | main    | 2019/03/22 17:55:28.352 | 	at org.apache.catalina.core.ApplicationFilterConfig.getFilter(ApplicationFilterConfig.java:266)
INFO   | jvm 1    | main    | 2019/03/22 17:55:28.352 | 	at org.apache.catalina.core.ApplicationFilterConfig.<init>(ApplicationFilterConfig.java:108)
INFO   | jvm 1    | main    | 2019/03/22 17:55:28.352 | 	at org.apache.catalina.core.StandardContext.filterStart(StandardContext.java:4637)
INFO   | jvm 1    | main    | 2019/03/22 17:55:28.352 | 	at org.apache.catalina.core.StandardContext.startInternal(StandardContext.java:5282)
INFO   | jvm 1    | main    | 2019/03/22 17:55:28.352 | 	at org.apache.catalina.util.LifecycleBase.start(LifecycleBase.java:150)
INFO   | jvm 1    | main    | 2019/03/22 17:55:28.352 | 	at org.apache.catalina.core.ContainerBase$StartChild.call(ContainerBase.java:1421)
INFO   | jvm 1    | main    | 2019/03/22 17:55:28.352 | 	at org.apache.catalina.core.ContainerBase$StartChild.call(ContainerBase.java:1411)
INFO   | jvm 1    | main    | 2019/03/22 17:55:28.352 | 	at java.util.concurrent.FutureTask.run(FutureTask.java:266)
INFO   | jvm 1    | main    | 2019/03/22 17:55:28.352 | 	at java.util.concurrent.ThreadPoolExecutor.runWorker(ThreadPoolExecutor.java:1142)
INFO   | jvm 1    | main    | 2019/03/22 17:55:28.352 | 	at java.util.concurrent.ThreadPoolExecutor$Worker.run(ThreadPoolExecutor.java:617)
INFO   | jvm 1    | main    | 2019/03/22 17:55:28.352 | 	at java.lang.Thread.run(Thread.java:745)
INFO   | jvm 1    | main    | 2019/03/22 17:55:28.352 | Caused by: java.nio.file.AccessDeniedException: /opt/CXCOMM181100P_1-70004085/hybris/data/shutdown.token
INFO   | jvm 1    | main    | 2019/03/22 17:55:28.352 | 	at sun.nio.fs.UnixException.translateToIOException(UnixException.java:84)
INFO   | jvm 1    | main    | 2019/03/22 17:55:28.352 | 	at sun.nio.fs.UnixException.rethrowAsIOException(UnixException.java:102)
INFO   | jvm 1    | main    | 2019/03/22 17:55:28.352 | 	at sun.nio.fs.UnixException.rethrowAsIOException(UnixException.java:107)
INFO   | jvm 1    | main    | 2019/03/22 17:55:28.352 | 	at sun.nio.fs.UnixFileSystemProvider.newByteChannel(UnixFileSystemProvider.java:214)
INFO   | jvm 1    | main    | 2019/03/22 17:55:28.352 | 	at java.nio.file.spi.FileSystemProvider.newOutputStream(FileSystemProvider.java:434)
INFO   | jvm 1    | main    | 2019/03/22 17:55:28.352 | 	at java.nio.file.Files.newOutputStream(Files.java:216)
INFO   | jvm 1    | main    | 2019/03/22 17:55:28.352 | 	at java.nio.file.Files.write(Files.java:3292)
INFO   | jvm 1    | main    | 2019/03/22 17:55:28.352 | 	at de.hybris.platform.core.internal.ShutdownTokenFileCreator.writeShutdownTokenFile(ShutdownTokenFileCreator.java:59)
INFO   | jvm 1    | main    | 2019/03/22 17:55:28.352 | 	... 16 more
INFO   | jvm 1    | main    | 2019/03/22 17:55:28.352 | 
INFO   | jvm 1    | main    | 2019/03/22 17:55:28.352 | Mar 22, 2019 5:55:28 PM org.apache.catalina.core.StandardContext startInternal
INFO   | jvm 1    | main    | 2019/03/22 17:55:28.352 | SEVERE: One or more Filters failed to start. Full details will be found in the appropriate container log file
INFO   | jvm 1    | main    | 2019/03/22 17:55:28.353 | Mar 22, 2019 5:55:28 PM org.apache.catalina.core.StandardContext startInternal
INFO   | jvm 1    | main    | 2019/03/22 17:55:28.353 | SEVERE: Context [/medias] startup failed due to previous errors
INFO   | jvm 1    | main    | 2019/03/22 17:55:28.353 | >>> No SAP licenses found in the system. Trying fallback to hybris license.
INFO   | jvm 1    | main    | 2019/03/22 17:55:28.353 | INFO  [localhost-startStop-8] [TenantStartupNotifier] Using default implementation of TenantStartupNotifier for tenant <<master>>
INFO   | jvm 1    | main    | 2019/03/22 17:55:28.353 | INFO  [localhost-startStop-8] [TenantStartupNotifier] Instantiating de.hybris.platform.core.BlockingTenantStartupNotifier for tenant <<master>>.
INFO   | jvm 1    | main    | 2019/03/22 17:55:28.353 | Mar 22, 2019 5:55:28 PM org.apache.catalina.core.StandardContext listenerStart
INFO   | jvm 1    | main    | 2019/03/22 17:55:28.353 | SEVERE: Exception sending context initialized event to listener instance of class [de.hybris.platform.spring.HybrisContextLoaderListener]
INFO   | jvm 1    | main    | 2019/03/22 17:55:28.353 | de.hybris.platform.servicelayer.exceptions.SystemException: Failed to create system shutdown token
INFO   | jvm 1    | main    | 2019/03/22 17:55:28.353 | 	at de.hybris.platform.core.internal.ShutdownTokenFileCreator.writeShutdownTokenFile(ShutdownTokenFileCreator.java:65)
INFO   | jvm 1    | main    | 2019/03/22 17:55:28.353 | 	at de.hybris.platform.core.MasterTenant.<init>(MasterTenant.java:98)
INFO   | jvm 1    | main    | 2019/03/22 17:55:28.353 | 	at de.hybris.platform.core.Registry.getMasterTenant(Registry.java:872)
INFO   | jvm 1    | main    | 2019/03/22 17:55:28.353 | 	at de.hybris.platform.core.Registry.activateMasterTenant(Registry.java:625)
INFO   | jvm 1    | main    | 2019/03/22 17:55:28.353 | 	at de.hybris.platform.core.Registry.startup(Registry.java:444)
INFO   | jvm 1    | main    | 2019/03/22 17:55:28.353 | 	at de.hybris.platform.core.ClassLoaderUtils.executeWithWebClassLoaderParentIfNeeded(ClassLoaderUtils.java:42)
INFO   | jvm 1    | main    | 2019/03/22 17:55:28.353 | 	at de.hybris.platform.spring.HybrisContextLoaderListener.startRegistry(HybrisContextLoaderListener.java:325)
INFO   | jvm 1    | main    | 2019/03/22 17:55:28.353 | 	at de.hybris.platform.spring.HybrisContextLoaderListener.doInitWebApplicationContext(HybrisContextLoaderListener.java:211)
INFO   | jvm 1    | main    | 2019/03/22 17:55:28.353 | 	at de.hybris.platform.spring.HybrisContextLoaderListener.initWebApplicationContext(HybrisContextLoaderListener.java:199)
INFO   | jvm 1    | main    | 2019/03/22 17:55:28.353 | 	at org.springframework.web.context.ContextLoaderListener.contextInitialized(ContextLoaderListener.java:107)
INFO   | jvm 1    | main    | 2019/03/22 17:55:28.353 | 	at de.hybris.platform.spring.HybrisContextLoaderListener.contextInitialized(HybrisContextLoaderListener.java:95)
INFO   | jvm 1    | main    | 2019/03/22 17:55:28.353 | 	at org.apache.catalina.core.StandardContext.listenerStart(StandardContext.java:4792)
INFO   | jvm 1    | main    | 2019/03/22 17:55:28.353 | 	at org.apache.catalina.core.StandardContext.startInternal(StandardContext.java:5256)
INFO   | jvm 1    | main    | 2019/03/22 17:55:28.353 | 	at org.apache.catalina.util.LifecycleBase.start(LifecycleBase.java:150)
INFO   | jvm 1    | main    | 2019/03/22 17:55:28.353 | 	at org.apache.catalina.core.ContainerBase$StartChild.call(ContainerBase.java:1421)
INFO   | jvm 1    | main    | 2019/03/22 17:55:28.353 | 	at org.apache.catalina.core.ContainerBase$StartChild.call(ContainerBase.java:1411)
INFO   | jvm 1    | main    | 2019/03/22 17:55:28.353 | 	at java.util.concurrent.FutureTask.run(FutureTask.java:266)
INFO   | jvm 1    | main    | 2019/03/22 17:55:28.353 | 	at java.util.concurrent.ThreadPoolExecutor.runWorker(ThreadPoolExecutor.java:1142)
INFO   | jvm 1    | main    | 2019/03/22 17:55:28.353 | 	at java.util.concurrent.ThreadPoolExecutor$Worker.run(ThreadPoolExecutor.java:617)
INFO   | jvm 1    | main    | 2019/03/22 17:55:28.353 | 	at java.lang.Thread.run(Thread.java:745)
INFO   | jvm 1    | main    | 2019/03/22 17:55:28.353 | Caused by: java.nio.file.AccessDeniedException: /opt/CXCOMM181100P_1-70004085/hybris/data/shutdown.token
INFO   | jvm 1    | main    | 2019/03/22 17:55:28.353 | 	at sun.nio.fs.UnixException.translateToIOException(UnixException.java:84)
INFO   | jvm 1    | main    | 2019/03/22 17:55:28.353 | 	at sun.nio.fs.UnixException.rethrowAsIOException(UnixException.java:102)
INFO   | jvm 1    | main    | 2019/03/22 17:55:28.353 | 	at sun.nio.fs.UnixException.rethrowAsIOException(UnixException.java:107)
INFO   | jvm 1    | main    | 2019/03/22 17:55:28.353 | 	at sun.nio.fs.UnixFileSystemProvider.newByteChannel(UnixFileSystemProvider.java:214)
INFO   | jvm 1    | main    | 2019/03/22 17:55:28.354 | 	at java.nio.file.spi.FileSystemProvider.newOutputStream(FileSystemProvider.java:434)
INFO   | jvm 1    | main    | 2019/03/22 17:55:28.354 | 	at java.nio.file.Files.newOutputStream(Files.java:216)
INFO   | jvm 1    | main    | 2019/03/22 17:55:28.354 | 	at java.nio.file.Files.write(Files.java:3292)
INFO   | jvm 1    | main    | 2019/03/22 17:55:28.354 | 	at de.hybris.platform.core.internal.ShutdownTokenFileCreator.writeShutdownTokenFile(ShutdownTokenFileCreator.java:59)
INFO   | jvm 1    | main    | 2019/03/22 17:55:28.354 | 	... 19 more
INFO   | jvm 1    | main    | 2019/03/22 17:55:28.354 | 
INFO   | jvm 1    | main    | 2019/03/22 17:55:28.354 | Mar 22, 2019 5:55:28 PM org.apache.catalina.core.StandardContext startInternal
INFO   | jvm 1    | main    | 2019/03/22 17:55:28.354 | SEVERE: One or more listeners failed to start. Full details will be found in the appropriate container log file
INFO   | jvm 1    | main    | 2019/03/22 17:55:28.354 | Mar 22, 2019 5:55:28 PM org.apache.catalina.core.StandardContext startInternal
INFO   | jvm 1    | main    | 2019/03/22 17:55:28.354 | SEVERE: Context [/processing] startup failed due to previous errors
INFO   | jvm 1    | main    | 2019/03/22 17:55:28.354 | >>> No SAP licenses found in the system. Trying fallback to hybris license.
INFO   | jvm 1    | main    | 2019/03/22 17:55:28.354 | INFO  [localhost-startStop-2] [TenantStartupNotifier] Using default implementation of TenantStartupNotifier for tenant <<master>>
INFO   | jvm 1    | main    | 2019/03/22 17:55:28.354 | INFO  [localhost-startStop-2] [TenantStartupNotifier] Instantiating de.hybris.platform.core.BlockingTenantStartupNotifier for tenant <<master>>.
INFO   | jvm 1    | main    | 2019/03/22 17:55:28.354 | Mar 22, 2019 5:55:28 PM org.apache.catalina.core.StandardContext listenerStart
INFO   | jvm 1    | main    | 2019/03/22 17:55:28.354 | SEVERE: Exception sending context initialized event to listener instance of class [de.hybris.platform.testweb.spring.TenantUnawareHybrisContextLoaderListener]
INFO   | jvm 1    | main    | 2019/03/22 17:55:28.354 | de.hybris.platform.servicelayer.exceptions.SystemException: Failed to create system shutdown token
INFO   | jvm 1    | main    | 2019/03/22 17:55:28.354 | 	at de.hybris.platform.core.internal.ShutdownTokenFileCreator.writeShutdownTokenFile(ShutdownTokenFileCreator.java:65)
INFO   | jvm 1    | main    | 2019/03/22 17:55:28.354 | 	at de.hybris.platform.core.MasterTenant.<init>(MasterTenant.java:98)
INFO   | jvm 1    | main    | 2019/03/22 17:55:28.354 | 	at de.hybris.platform.core.Registry.getMasterTenant(Registry.java:872)
INFO   | jvm 1    | main    | 2019/03/22 17:55:28.354 | 	at de.hybris.platform.core.Registry.activateMasterTenant(Registry.java:625)
INFO   | jvm 1    | main    | 2019/03/22 17:55:28.354 | 	at de.hybris.platform.core.Registry.startup(Registry.java:444)
INFO   | jvm 1    | main    | 2019/03/22 17:55:28.354 | 	at de.hybris.platform.core.ClassLoaderUtils.executeWithWebClassLoaderParentIfNeeded(ClassLoaderUtils.java:42)
INFO   | jvm 1    | main    | 2019/03/22 17:55:28.354 | 	at de.hybris.platform.spring.HybrisContextLoaderListener.startRegistry(HybrisContextLoaderListener.java:325)
INFO   | jvm 1    | main    | 2019/03/22 17:55:28.354 | 	at de.hybris.platform.spring.HybrisContextLoaderListener.doInitWebApplicationContext(HybrisContextLoaderListener.java:211)
INFO   | jvm 1    | main    | 2019/03/22 17:55:28.354 | 	at de.hybris.platform.spring.HybrisContextLoaderListener.initWebApplicationContext(HybrisContextLoaderListener.java:199)
INFO   | jvm 1    | main    | 2019/03/22 17:55:28.354 | 	at org.springframework.web.context.ContextLoaderListener.contextInitialized(ContextLoaderListener.java:107)
INFO   | jvm 1    | main    | 2019/03/22 17:55:28.354 | 	at de.hybris.platform.spring.HybrisContextLoaderListener.contextInitialized(HybrisContextLoaderListener.java:95)
INFO   | jvm 1    | main    | 2019/03/22 17:55:28.354 | 	at org.apache.catalina.core.StandardContext.listenerStart(StandardContext.java:4792)
INFO   | jvm 1    | main    | 2019/03/22 17:55:28.354 | 	at org.apache.catalina.core.StandardContext.startInternal(StandardContext.java:5256)
INFO   | jvm 1    | main    | 2019/03/22 17:55:28.354 | 	at org.apache.catalina.util.LifecycleBase.start(LifecycleBase.java:150)
INFO   | jvm 1    | main    | 2019/03/22 17:55:28.355 | 	at org.apache.catalina.core.ContainerBase$StartChild.call(ContainerBase.java:1421)
INFO   | jvm 1    | main    | 2019/03/22 17:55:28.355 | 	at org.apache.catalina.core.ContainerBase$StartChild.call(ContainerBase.java:1411)
INFO   | jvm 1    | main    | 2019/03/22 17:55:28.355 | 	at java.util.concurrent.FutureTask.run(FutureTask.java:266)
INFO   | jvm 1    | main    | 2019/03/22 17:55:28.355 | 	at java.util.concurrent.ThreadPoolExecutor.runWorker(ThreadPoolExecutor.java:1142)
INFO   | jvm 1    | main    | 2019/03/22 17:55:28.355 | 	at java.util.concurrent.ThreadPoolExecutor$Worker.run(ThreadPoolExecutor.java:617)
INFO   | jvm 1    | main    | 2019/03/22 17:55:28.355 | 	at java.lang.Thread.run(Thread.java:745)
INFO   | jvm 1    | main    | 2019/03/22 17:55:28.355 | Caused by: java.nio.file.AccessDeniedException: /opt/CXCOMM181100P_1-70004085/hybris/data/shutdown.token
INFO   | jvm 1    | main    | 2019/03/22 17:55:28.355 | 	at sun.nio.fs.UnixException.translateToIOException(UnixException.java:84)
INFO   | jvm 1    | main    | 2019/03/22 17:55:28.355 | 	at sun.nio.fs.UnixException.rethrowAsIOException(UnixException.java:102)
INFO   | jvm 1    | main    | 2019/03/22 17:55:28.355 | 	at sun.nio.fs.UnixException.rethrowAsIOException(UnixException.java:107)
INFO   | jvm 1    | main    | 2019/03/22 17:55:28.355 | 	at sun.nio.fs.UnixFileSystemProvider.newByteChannel(UnixFileSystemProvider.java:214)
INFO   | jvm 1    | main    | 2019/03/22 17:55:28.355 | 	at java.nio.file.spi.FileSystemProvider.newOutputStream(FileSystemProvider.java:434)
INFO   | jvm 1    | main    | 2019/03/22 17:55:28.355 | 	at java.nio.file.Files.newOutputStream(Files.java:216)
INFO   | jvm 1    | main    | 2019/03/22 17:55:28.355 | 	at java.nio.file.Files.write(Files.java:3292)
INFO   | jvm 1    | main    | 2019/03/22 17:55:28.355 | 	at de.hybris.platform.core.internal.ShutdownTokenFileCreator.writeShutdownTokenFile(ShutdownTokenFileCreator.java:59)
INFO   | jvm 1    | main    | 2019/03/22 17:55:28.355 | 	... 19 more
INFO   | jvm 1    | main    | 2019/03/22 17:55:28.355 | 
INFO   | jvm 1    | main    | 2019/03/22 17:55:28.355 | Mar 22, 2019 5:55:28 PM org.apache.catalina.core.StandardContext startInternal
INFO   | jvm 1    | main    | 2019/03/22 17:55:28.355 | SEVERE: One or more listeners failed to start. Full details will be found in the appropriate container log file
INFO   | jvm 1    | main    | 2019/03/22 17:55:28.355 | Mar 22, 2019 5:55:28 PM org.apache.catalina.core.StandardContext startInternal
INFO   | jvm 1    | main    | 2019/03/22 17:55:28.355 | SEVERE: Context [/test] startup failed due to previous errors
INFO   | jvm 1    | main    | 2019/03/22 17:55:28.355 | >>> No SAP licenses found in the system. Trying fallback to hybris license.
INFO   | jvm 1    | main    | 2019/03/22 17:55:28.355 | INFO  [localhost-startStop-1] [TenantStartupNotifier] Using default implementation of TenantStartupNotifier for tenant <<master>>
INFO   | jvm 1    | main    | 2019/03/22 17:55:28.355 | INFO  [localhost-startStop-1] [TenantStartupNotifier] Instantiating de.hybris.platform.core.BlockingTenantStartupNotifier for tenant <<master>>.
INFO   | jvm 1    | main    | 2019/03/22 17:55:28.355 | Mar 22, 2019 5:55:28 PM org.apache.catalina.core.StandardContext listenerStart
INFO   | jvm 1    | main    | 2019/03/22 17:55:28.355 | SEVERE: Exception sending context initialized event to listener instance of class [de.hybris.platform.spring.HybrisContextLoaderListener]
INFO   | jvm 1    | main    | 2019/03/22 17:55:28.355 | de.hybris.platform.servicelayer.exceptions.SystemException: Failed to create system shutdown token
INFO   | jvm 1    | main    | 2019/03/22 17:55:28.355 | 	at de.hybris.platform.core.internal.ShutdownTokenFileCreator.writeShutdownTokenFile(ShutdownTokenFileCreator.java:65)
INFO   | jvm 1    | main    | 2019/03/22 17:55:28.355 | 	at de.hybris.platform.core.MasterTenant.<init>(MasterTenant.java:98)
INFO   | jvm 1    | main    | 2019/03/22 17:55:28.355 | 	at de.hybris.platform.core.Registry.getMasterTenant(Registry.java:872)
INFO   | jvm 1    | main    | 2019/03/22 17:55:28.355 | 	at de.hybris.platform.core.Registry.activateMasterTenant(Registry.java:625)
INFO   | jvm 1    | main    | 2019/03/22 17:55:28.355 | 	at de.hybris.platform.core.Registry.startup(Registry.java:444)
INFO   | jvm 1    | main    | 2019/03/22 17:55:28.355 | 	at de.hybris.platform.core.ClassLoaderUtils.executeWithWebClassLoaderParentIfNeeded(ClassLoaderUtils.java:42)
INFO   | jvm 1    | main    | 2019/03/22 17:55:28.355 | 	at de.hybris.platform.spring.HybrisContextLoaderListener.startRegistry(HybrisContextLoaderListener.java:325)
INFO   | jvm 1    | main    | 2019/03/22 17:55:28.355 | 	at de.hybris.platform.spring.HybrisContextLoaderListener.doInitWebApplicationContext(HybrisContextLoaderListener.java:211)
INFO   | jvm 1    | main    | 2019/03/22 17:55:28.356 | 	at de.hybris.platform.spring.HybrisContextLoaderListener.initWebApplicationContext(HybrisContextLoaderListener.java:199)
INFO   | jvm 1    | main    | 2019/03/22 17:55:28.356 | 	at org.springframework.web.context.ContextLoaderListener.contextInitialized(ContextLoaderListener.java:107)
INFO   | jvm 1    | main    | 2019/03/22 17:55:28.356 | 	at de.hybris.platform.spring.HybrisContextLoaderListener.contextInitialized(HybrisContextLoaderListener.java:95)
INFO   | jvm 1    | main    | 2019/03/22 17:55:28.356 | 	at org.apache.catalina.core.StandardContext.listenerStart(StandardContext.java:4792)
INFO   | jvm 1    | main    | 2019/03/22 17:55:28.356 | 	at org.apache.catalina.core.StandardContext.startInternal(StandardContext.java:5256)
INFO   | jvm 1    | main    | 2019/03/22 17:55:28.356 | 	at org.apache.catalina.util.LifecycleBase.start(LifecycleBase.java:150)
INFO   | jvm 1    | main    | 2019/03/22 17:55:28.356 | 	at org.apache.catalina.core.ContainerBase$StartChild.call(ContainerBase.java:1421)
INFO   | jvm 1    | main    | 2019/03/22 17:55:28.356 | 	at org.apache.catalina.core.ContainerBase$StartChild.call(ContainerBase.java:1411)
INFO   | jvm 1    | main    | 2019/03/22 17:55:28.356 | 	at java.util.concurrent.FutureTask.run(FutureTask.java:266)
INFO   | jvm 1    | main    | 2019/03/22 17:55:28.356 | 	at java.util.concurrent.ThreadPoolExecutor.runWorker(ThreadPoolExecutor.java:1142)
INFO   | jvm 1    | main    | 2019/03/22 17:55:28.356 | 	at java.util.concurrent.ThreadPoolExecutor$Worker.run(ThreadPoolExecutor.java:617)
INFO   | jvm 1    | main    | 2019/03/22 17:55:28.356 | 	at java.lang.Thread.run(Thread.java:745)
INFO   | jvm 1    | main    | 2019/03/22 17:55:28.356 | Caused by: java.nio.file.AccessDeniedException: /opt/CXCOMM181100P_1-70004085/hybris/data/shutdown.token
INFO   | jvm 1    | main    | 2019/03/22 17:55:28.356 | 	at sun.nio.fs.UnixException.translateToIOException(UnixException.java:84)
INFO   | jvm 1    | main    | 2019/03/22 17:55:28.356 | 	at sun.nio.fs.UnixException.rethrowAsIOException(UnixException.java:102)
INFO   | jvm 1    | main    | 2019/03/22 17:55:28.356 | 	at sun.nio.fs.UnixException.rethrowAsIOException(UnixException.java:107)
INFO   | jvm 1    | main    | 2019/03/22 17:55:28.356 | 	at sun.nio.fs.UnixFileSystemProvider.newByteChannel(UnixFileSystemProvider.java:214)
INFO   | jvm 1    | main    | 2019/03/22 17:55:28.356 | 	at java.nio.file.spi.FileSystemProvider.newOutputStream(FileSystemProvider.java:434)
INFO   | jvm 1    | main    | 2019/03/22 17:55:28.356 | 	at java.nio.file.Files.newOutputStream(Files.java:216)
INFO   | jvm 1    | main    | 2019/03/22 17:55:28.356 | 	at java.nio.file.Files.write(Files.java:3292)
INFO   | jvm 1    | main    | 2019/03/22 17:55:28.356 | 	at de.hybris.platform.core.internal.ShutdownTokenFileCreator.writeShutdownTokenFile(ShutdownTokenFileCreator.java:59)
INFO   | jvm 1    | main    | 2019/03/22 17:55:28.356 | 	... 19 more
INFO   | jvm 1    | main    | 2019/03/22 17:55:28.356 | 
INFO   | jvm 1    | main    | 2019/03/22 17:55:28.356 | Mar 22, 2019 5:55:28 PM org.apache.catalina.core.StandardContext startInternal
INFO   | jvm 1    | main    | 2019/03/22 17:55:28.356 | SEVERE: One or more listeners failed to start. Full details will be found in the appropriate container log file
INFO   | jvm 1    | main    | 2019/03/22 17:55:28.356 | Mar 22, 2019 5:55:28 PM org.apache.catalina.core.StandardContext startInternal
INFO   | jvm 1    | main    | 2019/03/22 17:55:28.356 | SEVERE: Context [/authorizationserver] startup failed due to previous errors
INFO   | jvm 1    | main    | 2019/03/22 17:55:28.356 | >>> No SAP licenses found in the system. Trying fallback to hybris license.
INFO   | jvm 1    | main    | 2019/03/22 17:55:28.356 | INFO  [localhost-startStop-5] [TenantStartupNotifier] Using default implementation of TenantStartupNotifier for tenant <<master>>
INFO   | jvm 1    | main    | 2019/03/22 17:55:28.356 | INFO  [localhost-startStop-5] [TenantStartupNotifier] Instantiating de.hybris.platform.core.BlockingTenantStartupNotifier for tenant <<master>>.
INFO   | jvm 1    | main    | 2019/03/22 17:55:28.356 | Mar 22, 2019 5:55:28 PM org.apache.catalina.core.StandardContext listenerStart
INFO   | jvm 1    | main    | 2019/03/22 17:55:28.356 | SEVERE: Exception sending context initialized event to listener instance of class [de.hybris.platform.spring.HybrisContextLoaderListener]
INFO   | jvm 1    | main    | 2019/03/22 17:55:28.356 | de.hybris.platform.servicelayer.exceptions.SystemException: Failed to create system shutdown token
INFO   | jvm 1    | main    | 2019/03/22 17:55:28.356 | 	at de.hybris.platform.core.internal.ShutdownTokenFileCreator.writeShutdownTokenFile(ShutdownTokenFileCreator.java:65)
INFO   | jvm 1    | main    | 2019/03/22 17:55:28.356 | 	at de.hybris.platform.core.MasterTenant.<init>(MasterTenant.java:98)
INFO   | jvm 1    | main    | 2019/03/22 17:55:28.356 | 	at de.hybris.platform.core.Registry.getMasterTenant(Registry.java:872)
INFO   | jvm 1    | main    | 2019/03/22 17:55:28.356 | 	at de.hybris.platform.core.Registry.activateMasterTenant(Registry.java:625)
INFO   | jvm 1    | main    | 2019/03/22 17:55:28.356 | 	at de.hybris.platform.core.Registry.startup(Registry.java:444)
INFO   | jvm 1    | main    | 2019/03/22 17:55:28.356 | 	at de.hybris.platform.core.ClassLoaderUtils.executeWithWebClassLoaderParentIfNeeded(ClassLoaderUtils.java:42)
INFO   | jvm 1    | main    | 2019/03/22 17:55:28.356 | 	at de.hybris.platform.spring.HybrisContextLoaderListener.startRegistry(HybrisContextLoaderListener.java:325)
INFO   | jvm 1    | main    | 2019/03/22 17:55:28.357 | 	at de.hybris.platform.spring.HybrisContextLoaderListener.doInitWebApplicationContext(HybrisContextLoaderListener.java:211)
INFO   | jvm 1    | main    | 2019/03/22 17:55:28.357 | 	at de.hybris.platform.spring.HybrisContextLoaderListener.initWebApplicationContext(HybrisContextLoaderListener.java:199)
INFO   | jvm 1    | main    | 2019/03/22 17:55:28.357 | 	at org.springframework.web.context.ContextLoaderListener.contextInitialized(ContextLoaderListener.java:107)
INFO   | jvm 1    | main    | 2019/03/22 17:55:28.357 | 	at de.hybris.platform.spring.HybrisContextLoaderListener.contextInitialized(HybrisContextLoaderListener.java:95)
INFO   | jvm 1    | main    | 2019/03/22 17:55:28.357 | 	at org.apache.catalina.core.StandardContext.listenerStart(StandardContext.java:4792)
INFO   | jvm 1    | main    | 2019/03/22 17:55:28.357 | 	at org.apache.catalina.core.StandardContext.startInternal(StandardContext.java:5256)
INFO   | jvm 1    | main    | 2019/03/22 17:55:28.357 | 	at org.apache.catalina.util.LifecycleBase.start(LifecycleBase.java:150)
INFO   | jvm 1    | main    | 2019/03/22 17:55:28.357 | 	at org.apache.catalina.core.ContainerBase$StartChild.call(ContainerBase.java:1421)
INFO   | jvm 1    | main    | 2019/03/22 17:55:28.357 | 	at org.apache.catalina.core.ContainerBase$StartChild.call(ContainerBase.java:1411)
INFO   | jvm 1    | main    | 2019/03/22 17:55:28.357 | 	at java.util.concurrent.FutureTask.run(FutureTask.java:266)
INFO   | jvm 1    | main    | 2019/03/22 17:55:28.357 | 	at java.util.concurrent.ThreadPoolExecutor.runWorker(ThreadPoolExecutor.java:1142)
INFO   | jvm 1    | main    | 2019/03/22 17:55:28.357 | 	at java.util.concurrent.ThreadPoolExecutor$Worker.run(ThreadPoolExecutor.java:617)
INFO   | jvm 1    | main    | 2019/03/22 17:55:28.357 | 	at java.lang.Thread.run(Thread.java:745)
INFO   | jvm 1    | main    | 2019/03/22 17:55:28.357 | Caused by: java.nio.file.AccessDeniedException: /opt/CXCOMM181100P_1-70004085/hybris/data/shutdown.token
INFO   | jvm 1    | main    | 2019/03/22 17:55:28.357 | 	at sun.nio.fs.UnixException.translateToIOException(UnixException.java:84)
INFO   | jvm 1    | main    | 2019/03/22 17:55:28.357 | 	at sun.nio.fs.UnixException.rethrowAsIOException(UnixException.java:102)
INFO   | jvm 1    | main    | 2019/03/22 17:55:28.357 | 	at sun.nio.fs.UnixException.rethrowAsIOException(UnixException.java:107)
INFO   | jvm 1    | main    | 2019/03/22 17:55:28.357 | 	at sun.nio.fs.UnixFileSystemProvider.newByteChannel(UnixFileSystemProvider.java:214)
INFO   | jvm 1    | main    | 2019/03/22 17:55:28.357 | 	at java.nio.file.spi.FileSystemProvider.newOutputStream(FileSystemProvider.java:434)
INFO   | jvm 1    | main    | 2019/03/22 17:55:28.357 | 	at java.nio.file.Files.newOutputStream(Files.java:216)
INFO   | jvm 1    | main    | 2019/03/22 17:55:28.357 | 	at java.nio.file.Files.write(Files.java:3292)
INFO   | jvm 1    | main    | 2019/03/22 17:55:28.357 | 	at de.hybris.platform.core.internal.ShutdownTokenFileCreator.writeShutdownTokenFile(ShutdownTokenFileCreator.java:59)
INFO   | jvm 1    | main    | 2019/03/22 17:55:28.357 | 	... 19 more
INFO   | jvm 1    | main    | 2019/03/22 17:55:28.357 | 
INFO   | jvm 1    | main    | 2019/03/22 17:55:28.357 | Mar 22, 2019 5:55:28 PM org.apache.catalina.core.StandardContext startInternal
INFO   | jvm 1    | main    | 2019/03/22 17:55:28.357 | SEVERE: One or more listeners failed to start. Full details will be found in the appropriate container log file
INFO   | jvm 1    | main    | 2019/03/22 17:55:28.357 | Mar 22, 2019 5:55:28 PM org.apache.catalina.core.StandardContext startInternal
INFO   | jvm 1    | main    | 2019/03/22 17:55:28.357 | SEVERE: Context [] startup failed due to previous errors
INFO   | jvm 1    | main    | 2019/03/22 17:55:28.357 | >>> No SAP licenses found in the system. Trying fallback to hybris license.
INFO   | jvm 1    | main    | 2019/03/22 17:55:28.357 | Mar 22, 2019 5:55:28 PM org.apache.catalina.core.StandardContext listenerStart
INFO   | jvm 1    | main    | 2019/03/22 17:55:28.357 | SEVERE: Exception sending context initialized event to listener instance of class [de.hybris.platform.spring.HybrisContextLoaderListener]
INFO   | jvm 1    | main    | 2019/03/22 17:55:28.357 | de.hybris.platform.servicelayer.exceptions.SystemException: Failed to create system shutdown token
INFO   | jvm 1    | main    | 2019/03/22 17:55:28.357 | 	at de.hybris.platform.core.internal.ShutdownTokenFileCreator.writeShutdownTokenFile(ShutdownTokenFileCreator.java:65)
INFO   | jvm 1    | main    | 2019/03/22 17:55:28.357 | 	at de.hybris.platform.core.MasterTenant.<init>(MasterTenant.java:98)
INFO   | jvm 1    | main    | 2019/03/22 17:55:28.358 | 	at de.hybris.platform.core.Registry.getMasterTenant(Registry.java:872)
INFO   | jvm 1    | main    | 2019/03/22 17:55:28.358 | 	at de.hybris.platform.core.Registry.activateMasterTenant(Registry.java:625)
INFO   | jvm 1    | main    | 2019/03/22 17:55:28.358 | 	at de.hybris.platform.core.Registry.startup(Registry.java:444)
INFO   | jvm 1    | main    | 2019/03/22 17:55:28.358 | 	at de.hybris.platform.core.ClassLoaderUtils.executeWithWebClassLoaderParentIfNeeded(ClassLoaderUtils.java:42)
INFO   | jvm 1    | main    | 2019/03/22 17:55:28.358 | 	at de.hybris.platform.spring.HybrisContextLoaderListener.startRegistry(HybrisContextLoaderListener.java:325)
INFO   | jvm 1    | main    | 2019/03/22 17:55:28.358 | 	at de.hybris.platform.spring.HybrisContextLoaderListener.doInitWebApplicationContext(HybrisContextLoaderListener.java:211)
INFO   | jvm 1    | main    | 2019/03/22 17:55:28.358 | 	at de.hybris.platform.spring.HybrisContextLoaderListener.initWebApplicationContext(HybrisContextLoaderListener.java:199)
INFO   | jvm 1    | main    | 2019/03/22 17:55:28.358 | 	at org.springframework.web.context.ContextLoaderListener.contextInitialized(ContextLoaderListener.java:107)
INFO   | jvm 1    | main    | 2019/03/22 17:55:28.358 | 	at de.hybris.platform.spring.HybrisContextLoaderListener.contextInitialized(HybrisContextLoaderListener.java:95)
INFO   | jvm 1    | main    | 2019/03/22 17:55:28.358 | 	at org.apache.catalina.core.StandardContext.listenerStart(StandardContext.java:4792)
INFO   | jvm 1    | main    | 2019/03/22 17:55:28.358 | 	at org.apache.catalina.core.StandardContext.startInternal(StandardContext.java:5256)
INFO   | jvm 1    | main    | 2019/03/22 17:55:28.358 | 	at org.apache.catalina.util.LifecycleBase.start(LifecycleBase.java:150)
INFO   | jvm 1    | main    | 2019/03/22 17:55:28.358 | 	at org.apache.catalina.core.ContainerBase$StartChild.call(ContainerBase.java:1421)
INFO   | jvm 1    | main    | 2019/03/22 17:55:28.358 | 	at org.apache.catalina.core.ContainerBase$StartChild.call(ContainerBase.java:1411)
INFO   | jvm 1    | main    | 2019/03/22 17:55:28.358 | 	at java.util.concurrent.FutureTask.run(FutureTask.java:266)
INFO   | jvm 1    | main    | 2019/03/22 17:55:28.358 | 	at java.util.concurrent.ThreadPoolExecutor.runWorker(ThreadPoolExecutor.java:1142)
INFO   | jvm 1    | main    | 2019/03/22 17:55:28.358 | 	at java.util.concurrent.ThreadPoolExecutor$Worker.run(ThreadPoolExecutor.java:617)
INFO   | jvm 1    | main    | 2019/03/22 17:55:28.358 | 	at java.lang.Thread.run(Thread.java:745)
INFO   | jvm 1    | main    | 2019/03/22 17:55:28.358 | Caused by: java.nio.file.AccessDeniedException: /opt/CXCOMM181100P_1-70004085/hybris/data/shutdown.token
INFO   | jvm 1    | main    | 2019/03/22 17:55:28.358 | 	at sun.nio.fs.UnixException.translateToIOException(UnixException.java:84)
INFO   | jvm 1    | main    | 2019/03/22 17:55:28.358 | 	at sun.nio.fs.UnixException.rethrowAsIOException(UnixException.java:102)
INFO   | jvm 1    | main    | 2019/03/22 17:55:28.358 | 	at sun.nio.fs.UnixException.rethrowAsIOException(UnixException.java:107)
INFO   | jvm 1    | main    | 2019/03/22 17:55:28.358 | 	at sun.nio.fs.UnixFileSystemProvider.newByteChannel(UnixFileSystemProvider.java:214)
INFO   | jvm 1    | main    | 2019/03/22 17:55:28.358 | 	at java.nio.file.spi.FileSystemProvider.newOutputStream(FileSystemProvider.java:434)
INFO   | jvm 1    | main    | 2019/03/22 17:55:28.358 | 	at java.nio.file.Files.newOutputStream(Files.java:216)
INFO   | jvm 1    | main    | 2019/03/22 17:55:28.358 | 	at java.nio.file.Files.write(Files.java:3292)
INFO   | jvm 1    | main    | 2019/03/22 17:55:28.358 | 	at de.hybris.platform.core.internal.ShutdownTokenFileCreator.writeShutdownTokenFile(ShutdownTokenFileCreator.java:59)
INFO   | jvm 1    | main    | 2019/03/22 17:55:28.358 | 	... 19 more
INFO   | jvm 1    | main    | 2019/03/22 17:55:28.358 | 
INFO   | jvm 1    | main    | 2019/03/22 17:55:28.358 | Mar 22, 2019 5:55:28 PM org.apache.catalina.core.StandardContext startInternal
INFO   | jvm 1    | main    | 2019/03/22 17:55:28.359 | SEVERE: One or more listeners failed to start. Full details will be found in the appropriate container log file
INFO   | jvm 1    | main    | 2019/03/22 17:55:28.359 | Mar 22, 2019 5:55:28 PM org.apache.catalina.core.StandardContext startInternal
INFO   | jvm 1    | main    | 2019/03/22 17:55:28.359 | SEVERE: Context [/authorizationserver_junit] startup failed due to previous errors
INFO   | jvm 1    | main    | 2019/03/22 17:55:28.459 | Mar 22, 2019 5:55:28 PM org.apache.catalina.valves.AccessLogValve open
INFO   | jvm 1    | main    | 2019/03/22 17:55:28.459 | SEVERE: Failed to open access log file [/opt/CXCOMM181100P_1-70004085/hybris/log/tomcat/access..2019-03-22.log]
INFO   | jvm 1    | main    | 2019/03/22 17:55:28.459 | java.io.FileNotFoundException: /opt/CXCOMM181100P_1-70004085/hybris/log/tomcat/access..2019-03-22.log (Permission denied)
INFO   | jvm 1    | main    | 2019/03/22 17:55:28.459 | 	at java.io.FileOutputStream.open0(Native Method)
INFO   | jvm 1    | main    | 2019/03/22 17:55:28.459 | 	at java.io.FileOutputStream.open(FileOutputStream.java:270)
INFO   | jvm 1    | main    | 2019/03/22 17:55:28.459 | 	at java.io.FileOutputStream.<init>(FileOutputStream.java:213)
INFO   | jvm 1    | main    | 2019/03/22 17:55:28.459 | 	at org.apache.catalina.valves.AccessLogValve.open(AccessLogValve.java:651)
INFO   | jvm 1    | main    | 2019/03/22 17:55:28.459 | 	at org.apache.catalina.valves.AccessLogValve.startInternal(AccessLogValve.java:685)
INFO   | jvm 1    | main    | 2019/03/22 17:55:28.459 | 	at org.apache.catalina.util.LifecycleBase.start(LifecycleBase.java:150)
INFO   | jvm 1    | main    | 2019/03/22 17:55:28.459 | 	at org.apache.catalina.core.StandardPipeline.startInternal(StandardPipeline.java:182)
INFO   | jvm 1    | main    | 2019/03/22 17:55:28.459 | 	at org.apache.catalina.util.LifecycleBase.start(LifecycleBase.java:150)
INFO   | jvm 1    | main    | 2019/03/22 17:55:28.459 | 	at org.apache.catalina.core.ContainerBase.startInternal(ContainerBase.java:955)
INFO   | jvm 1    | main    | 2019/03/22 17:55:28.459 | 	at org.apache.catalina.core.StandardEngine.startInternal(StandardEngine.java:262)
INFO   | jvm 1    | main    | 2019/03/22 17:55:28.459 | 	at org.apache.catalina.util.LifecycleBase.start(LifecycleBase.java:150)
INFO   | jvm 1    | main    | 2019/03/22 17:55:28.459 | 	at org.apache.catalina.core.StandardService.startInternal(StandardService.java:422)
INFO   | jvm 1    | main    | 2019/03/22 17:55:28.459 | 	at org.apache.catalina.util.LifecycleBase.start(LifecycleBase.java:150)
INFO   | jvm 1    | main    | 2019/03/22 17:55:28.459 | 	at org.apache.catalina.core.StandardServer.startInternal(StandardServer.java:793)
INFO   | jvm 1    | main    | 2019/03/22 17:55:28.459 | 	at org.apache.catalina.util.LifecycleBase.start(LifecycleBase.java:150)
INFO   | jvm 1    | main    | 2019/03/22 17:55:28.459 | 	at org.apache.catalina.startup.Catalina.start(Catalina.java:681)
INFO   | jvm 1    | main    | 2019/03/22 17:55:28.459 | 	at sun.reflect.NativeMethodAccessorImpl.invoke0(Native Method)
INFO   | jvm 1    | main    | 2019/03/22 17:55:28.459 | 	at sun.reflect.NativeMethodAccessorImpl.invoke(NativeMethodAccessorImpl.java:62)
INFO   | jvm 1    | main    | 2019/03/22 17:55:28.459 | 	at sun.reflect.DelegatingMethodAccessorImpl.invoke(DelegatingMethodAccessorImpl.java:43)
INFO   | jvm 1    | main    | 2019/03/22 17:55:28.459 | 	at java.lang.reflect.Method.invoke(Method.java:498)
INFO   | jvm 1    | main    | 2019/03/22 17:55:28.459 | 	at org.apache.catalina.startup.Bootstrap.start(Bootstrap.java:353)
INFO   | jvm 1    | main    | 2019/03/22 17:55:28.459 | 	at org.apache.catalina.startup.Bootstrap.main(Bootstrap.java:493)
INFO   | jvm 1    | main    | 2019/03/22 17:55:28.459 | 	at sun.reflect.NativeMethodAccessorImpl.invoke0(Native Method)
INFO   | jvm 1    | main    | 2019/03/22 17:55:28.459 | 	at sun.reflect.NativeMethodAccessorImpl.invoke(NativeMethodAccessorImpl.java:62)
INFO   | jvm 1    | main    | 2019/03/22 17:55:28.459 | 	at sun.reflect.DelegatingMethodAccessorImpl.invoke(DelegatingMethodAccessorImpl.java:43)
INFO   | jvm 1    | main    | 2019/03/22 17:55:28.460 | 	at java.lang.reflect.Method.invoke(Method.java:498)
INFO   | jvm 1    | main    | 2019/03/22 17:55:28.460 | 	at org.tanukisoftware.wrapper.WrapperSimpleApp.run(WrapperSimpleApp.java:325)
INFO   | jvm 1    | main    | 2019/03/22 17:55:28.460 | 	at java.lang.Thread.run(Thread.java:745)
INFO   | jvm 1    | main    | 2019/03/22 17:55:28.460 | 
INFO   | jvm 1    | main    | 2019/03/22 17:55:28.460 | Mar 22, 2019 5:55:28 PM org.apache.coyote.AbstractProtocol start
INFO   | jvm 1    | main    | 2019/03/22 17:55:28.460 | INFO: Starting ProtocolHandler ["http-nio-9001"]
INFO   | jvm 1    | main    | 2019/03/22 17:55:28.460 | Mar 22, 2019 5:55:28 PM org.apache.coyote.AbstractProtocol start
INFO   | jvm 1    | main    | 2019/03/22 17:55:28.460 | INFO: Starting ProtocolHandler ["https-jsse-nio-9002"]
INFO   | jvm 1    | main    | 2019/03/22 17:55:28.460 | Mar 22, 2019 5:55:28 PM org.apache.coyote.AbstractProtocol start
INFO   | jvm 1    | main    | 2019/03/22 17:55:28.460 | INFO: Starting ProtocolHandler ["ajp-nio-8009"]
INFO   | jvm 1    | main    | 2019/03/22 17:55:28.460 | Mar 22, 2019 5:55:28 PM org.apache.catalina.startup.Catalina start
INFO   | jvm 1    | main    | 2019/03/22 17:55:28.460 | INFO: Server startup in 1929 ms
STATUS | wrapper  | main    | 2019/03/22 17:59:55.632 | TERM trapped.  Shutting down.
INFO   | jvm 1    | main    | 2019/03/22 17:59:56.033 | shutting down hybris registry..
INFO   | jvm 1    | main    | 2019/03/22 17:59:56.033 | INFO  [Thread-4] [TenantStartupNotifier] Using default implementation of TenantStartupNotifier for tenant <<master>>
INFO   | jvm 1    | main    | 2019/03/22 17:59:56.033 | INFO  [Thread-4] [TenantStartupNotifier] Instantiating de.hybris.platform.core.BlockingTenantStartupNotifier for tenant <<master>>.
INFO   | jvm 1    | main    | 2019/03/22 17:59:56.033 | >>> No SAP licenses found in the system. Trying fallback to hybris license.
INFO   | jvm 1    | main    | 2019/03/22 17:59:56.033 | de.hybris.platform.servicelayer.exceptions.SystemException: Failed to create system shutdown token
INFO   | jvm 1    | main    | 2019/03/22 17:59:56.033 | 	at de.hybris.platform.core.internal.ShutdownTokenFileCreator.writeShutdownTokenFile(ShutdownTokenFileCreator.java:65)
INFO   | jvm 1    | main    | 2019/03/22 17:59:56.033 | 	at de.hybris.platform.core.MasterTenant.<init>(MasterTenant.java:98)
INFO   | jvm 1    | main    | 2019/03/22 17:59:56.033 | 	at de.hybris.platform.core.Registry.getMasterTenant(Registry.java:872)
INFO   | jvm 1    | main    | 2019/03/22 17:59:56.033 | 	at de.hybris.platform.core.Registry.destroy(Registry.java:326)
INFO   | jvm 1    | main    | 2019/03/22 17:59:56.033 | 	at de.hybris.platform.util.RedeployUtilities.shutdown(RedeployUtilities.java:75)
INFO   | jvm 1    | main    | 2019/03/22 17:59:56.033 | 	at de.hybris.platform.util.RedeployUtilities$1.internalRun(RedeployUtilities.java:39)
INFO   | jvm 1    | main    | 2019/03/22 17:59:56.033 | 	at de.hybris.platform.core.threadregistry.RegistrableThread.run(RegistrableThread.java:134)
INFO   | jvm 1    | main    | 2019/03/22 17:59:56.033 | Caused by: java.nio.file.AccessDeniedException: /opt/CXCOMM181100P_1-70004085/hybris/data/shutdown.token
INFO   | jvm 1    | main    | 2019/03/22 17:59:56.033 | 	at sun.nio.fs.UnixException.translateToIOException(UnixException.java:84)
INFO   | jvm 1    | main    | 2019/03/22 17:59:56.033 | 	at sun.nio.fs.UnixException.rethrowAsIOException(UnixException.java:102)
INFO   | jvm 1    | main    | 2019/03/22 17:59:56.033 | 	at sun.nio.fs.UnixException.rethrowAsIOException(UnixException.java:107)
INFO   | jvm 1    | main    | 2019/03/22 17:59:56.033 | 	at sun.nio.fs.UnixFileSystemProvider.newByteChannel(UnixFileSystemProvider.java:214)
INFO   | jvm 1    | main    | 2019/03/22 17:59:56.033 | 	at java.nio.file.spi.FileSystemProvider.newOutputStream(FileSystemProvider.java:434)
INFO   | jvm 1    | main    | 2019/03/22 17:59:56.033 | 	at java.nio.file.Files.newOutputStream(Files.java:216)
INFO   | jvm 1    | main    | 2019/03/22 17:59:56.033 | 	at java.nio.file.Files.write(Files.java:3292)
INFO   | jvm 1    | main    | 2019/03/22 17:59:56.033 | 	at de.hybris.platform.core.internal.ShutdownTokenFileCreator.writeShutdownTokenFile(ShutdownTokenFileCreator.java:59)
INFO   | jvm 1    | main    | 2019/03/22 17:59:56.033 | 	... 6 more
STATUS | wrapper  | main    | 2019/03/22 17:59:56.886 | <-- Wrapper Stopped
